# JRE version: Java(TM) SE Runtime Environment 18.9 (11.0.9+7) (build 11.0.9+7-LTS)
# Java VM: Java HotSpot(TM) 64-Bit Server VM 18.9 (11.0.9+7-LTS, mixed mode, tiered, compressed oops, g1 gc, windows-amd64)
Heap:
 garbage-first heap   total 183296K, used 33914K [0x0000000084c00000, 0x0000000100000000)
  region size 1024K, 6 young (6144K), 6 survivors (6144K)
 Metaspace       used 34992K, capacity 36163K, committed 36508K, reserved 1081344K
  class space    used 4407K, capacity 4905K, committed 4992K, reserved 1048576K
GC Heap History (10 events):
Event: 1.862 GC heap after
{Heap after GC invocations=5 (full 0):
 garbage-first heap   total 126976K, used 14121K [0x0000000084c00000, 0x0000000100000000)
  region size 1024K, 5 young (5120K), 5 survivors (5120K)
 Metaspace       used 31504K, capacity 32729K, committed 33072K, reserved 1077248K
  class space    used 3888K, capacity 4381K, committed 4480K, reserved 1048576K
}
Event: 2.063 GC heap before
{Heap before GC invocations=5 (full 0):
 garbage-first heap   total 126976K, used 33577K [0x0000000084c00000, 0x0000000100000000)
  region size 1024K, 25 young (25600K), 5 survivors (5120K)
 Metaspace       used 34661K, capacity 35836K, committed 35920K, reserved 1081344K
  class space    used 4352K, capacity 4840K, committed 4864K, reserved 1048576K
}
Event: 2.069 GC heap after
{Heap after GC invocations=6 (full 0):
 garbage-first heap   total 152576K, used 14963K [0x0000000084c00000, 0x0000000100000000)
  region size 1024K, 6 young (6144K), 6 survivors (6144K)
 Metaspace       used 34661K, capacity 35836K, committed 35920K, reserved 1081344K
  class space    used 4352K, capacity 4840K, committed 4864K, reserved 1048576K
}
Event: 2.236 GC heap before
{Heap before GC invocations=7 (full 0):
 garbage-first heap   total 152576K, used 89715K [0x0000000084c00000, 0x0000000100000000)
  region size 1024K, 79 young (80896K), 6 survivors (6144K)
 Metaspace       used 34989K, capacity 36163K, committed 36508K, reserved 1081344K
  class space    used 4406K, capacity 4905K, committed 4992K, reserved 1048576K
}
Event: 2.243 GC heap after
{Heap after GC invocations=8 (full 0):
 garbage-first heap   total 152576K, used 21612K [0x0000000084c00000, 0x0000000100000000)
  region size 1024K, 10 young (10240K), 10 survivors (10240K)
 Metaspace       used 34989K, capacity 36163K, committed 36508K, reserved 1081344K
  class space    used 4406K, capacity 4905K, committed 4992K, reserved 1048576K
}
Event: 2.349 GC heap before
{Heap before GC invocations=8 (full 0):
 garbage-first heap   total 152576K, used 96364K [0x0000000084c00000, 0x0000000100000000)
  region size 1024K, 83 young (84992K), 10 survivors (10240K)
 Metaspace       used 34990K, capacity 36163K, committed 36508K, reserved 1081344K
  class space    used 4406K, capacity 4905K, committed 4992K, reserved 1048576K
}
Event: 2.357 GC heap after
{Heap after GC invocations=9 (full 0):
 garbage-first heap   total 152576K, used 28652K [0x0000000084c00000, 0x0000000100000000)
  region size 1024K, 8 young (8192K), 8 survivors (8192K)
 Metaspace       used 34990K, capacity 36163K, committed 36508K, reserved 1081344K
  class space    used 4406K, capacity 4905K, committed 4992K, reserved 1048576K
}
Event: 2.563 GC heap before
{Heap before GC invocations=9 (full 0):
 garbage-first heap   total 152576K, used 102380K [0x0000000084c00000, 0x0000000100000000)
  region size 1024K, 80 young (81920K), 8 survivors (8192K)
 Metaspace       used 34992K, capacity 36163K, committed 36508K, reserved 1081344K
  class space    used 4407K, capacity 4905K, committed 4992K, reserved 1048576K
}
Event: 2.570 GC heap after
{Heap after GC invocations=10 (full 0):
 garbage-first heap   total 152576K, used 33871K [0x0000000084c00000, 0x0000000100000000)
  region size 1024K, 6 young (6144K), 6 survivors (6144K)
 Metaspace       used 34992K, capacity 36163K, committed 36508K, reserved 1081344K
  class space    used 4407K, capacity 4905K, committed 4992K, reserved 1048576K
}
Event: 2.809 GC heap before
{Heap before GC invocations=10 (full 0):
 garbage-first heap   total 152576K, used 107599K [0x0000000084c00000, 0x0000000100000000)
  region size 1024K, 78 young (79872K), 6 survivors (6144K)
 Metaspace       used 34992K, capacity 36163K, committed 36508K, reserved 1081344K
  class space    used 4407K, capacity 4905K, committed 4992K, reserved 1048576K
}

