# JRE version: Java(TM) SE Runtime Environment 18.9 (11.0.9+7) (build 11.0.9+7-LTS)
# Java VM: Java HotSpot(TM) 64-Bit Server VM 18.9 (11.0.9+7-LTS, mixed mode, tiered, compressed oops, g1 gc, windows-amd64)
Heap:
 garbage-first heap   total 195584K, used 33978K [0x0000000084c00000, 0x0000000100000000)
  region size 1024K, 6 young (6144K), 6 survivors (6144K)
 Metaspace       used 34966K, capacity 36163K, committed 36480K, reserved 1081344K
  class space    used 4406K, capacity 4905K, committed 4992K, reserved 1048576K
GC Heap History (10 events):
Event: 1.365 GC heap after
{Heap after GC invocations=5 (full 0):
 garbage-first heap   total 126976K, used 10457K [0x0000000084c00000, 0x0000000100000000)
  region size 1024K, 5 young (5120K), 5 survivors (5120K)
 Metaspace       used 25159K, capacity 26082K, committed 26240K, reserved 1073152K
  class space    used 3052K, capacity 3427K, committed 3456K, reserved 1048576K
}
Event: 1.857 GC heap before
{Heap before GC invocations=5 (full 0):
 garbage-first heap   total 126976K, used 66777K [0x0000000084c00000, 0x0000000100000000)
  region size 1024K, 61 young (62464K), 5 survivors (5120K)
 Metaspace       used 31245K, capacity 32403K, committed 32512K, reserved 1077248K
  class space    used 3862K, capacity 4315K, committed 4352K, reserved 1048576K
}
Event: 1.875 GC heap after
{Heap after GC invocations=6 (full 0):
 garbage-first heap   total 152576K, used 14036K [0x0000000084c00000, 0x0000000100000000)
  region size 1024K, 6 young (6144K), 6 survivors (6144K)
 Metaspace       used 31245K, capacity 32403K, committed 32512K, reserved 1077248K
  class space    used 3862K, capacity 4315K, committed 4352K, reserved 1048576K
}
Event: 2.120 GC heap before
{Heap before GC invocations=6 (full 0):
 garbage-first heap   total 152576K, used 65236K [0x0000000084c00000, 0x0000000100000000)
  region size 1024K, 58 young (59392K), 6 survivors (6144K)
 Metaspace       used 34658K, capacity 35804K, committed 35968K, reserved 1081344K
  class space    used 4356K, capacity 4872K, committed 4992K, reserved 1048576K
}
Event: 2.126 GC heap after
{Heap after GC invocations=7 (full 0):
 garbage-first heap   total 152576K, used 14572K [0x0000000084c00000, 0x0000000100000000)
  region size 1024K, 6 young (6144K), 6 survivors (6144K)
 Metaspace       used 34658K, capacity 35804K, committed 35968K, reserved 1081344K
  class space    used 4356K, capacity 4872K, committed 4992K, reserved 1048576K
}
Event: 2.298 GC heap before
{Heap before GC invocations=8 (full 0):
 garbage-first heap   total 152576K, used 91372K [0x0000000084c00000, 0x0000000100000000)
  region size 1024K, 81 young (82944K), 6 survivors (6144K)
 Metaspace       used 34963K, capacity 36163K, committed 36480K, reserved 1081344K
  class space    used 4404K, capacity 4905K, committed 4992K, reserved 1048576K
}
Event: 2.305 GC heap after
{Heap after GC invocations=9 (full 0):
 garbage-first heap   total 152576K, used 21415K [0x0000000084c00000, 0x0000000100000000)
  region size 1024K, 11 young (11264K), 11 survivors (11264K)
 Metaspace       used 34963K, capacity 36163K, committed 36480K, reserved 1081344K
  class space    used 4404K, capacity 4905K, committed 4992K, reserved 1048576K
}
Event: 2.422 GC heap before
{Heap before GC invocations=9 (full 0):
 garbage-first heap   total 152576K, used 98215K [0x0000000084c00000, 0x0000000100000000)
  region size 1024K, 86 young (88064K), 11 survivors (11264K)
 Metaspace       used 34964K, capacity 36163K, committed 36480K, reserved 1081344K
  class space    used 4404K, capacity 4905K, committed 4992K, reserved 1048576K
}
Event: 2.431 GC heap after
{Heap after GC invocations=10 (full 0):
 garbage-first heap   total 152576K, used 28889K [0x0000000084c00000, 0x0000000100000000)
  region size 1024K, 8 young (8192K), 8 survivors (8192K)
 Metaspace       used 34964K, capacity 36163K, committed 36480K, reserved 1081344K
  class space    used 4404K, capacity 4905K, committed 4992K, reserved 1048576K
}
Event: 2.670 GC heap before
{Heap before GC invocations=10 (full 0):
 garbage-first heap   total 152576K, used 104665K [0x0000000084c00000, 0x0000000100000000)
  region size 1024K, 82 young (83968K), 8 survivors (8192K)
 Metaspace       used 34966K, capacity 36163K, committed 36480K, reserved 1081344K
  class space    used 4406K, capacity 4905K, committed 4992K, reserved 1048576K
}

