# JRE version: Java(TM) SE Runtime Environment 18.9 (11.0.9+7) (build 11.0.9+7-LTS)
# Java VM: Java HotSpot(TM) 64-Bit Server VM 18.9 (11.0.9+7-LTS, mixed mode, tiered, compressed oops, g1 gc, windows-amd64)
Heap:
 garbage-first heap   total 192512K, used 95558K [0x0000000084c00000, 0x0000000100000000)
  region size 1024K, 61 young (62464K), 5 survivors (5120K)
 Metaspace       used 35401K, capacity 36612K, committed 36688K, reserved 1081344K
  class space    used 4493K, capacity 4987K, committed 4992K, reserved 1048576K
GC Heap History (10 events):
Event: 8.886 GC heap before
{Heap before GC invocations=32 (full 0):
 garbage-first heap   total 192512K, used 149268K [0x0000000084c00000, 0x0000000100000000)
  region size 1024K, 112 young (114688K), 2 survivors (2048K)
 Metaspace       used 35078K, capacity 36271K, committed 36432K, reserved 1081344K
  class space    used 4426K, capacity 4939K, committed 4992K, reserved 1048576K
}
Event: 8.888 GC heap after
{Heap after GC invocations=33 (full 0):
 garbage-first heap   total 192512K, used 36651K [0x0000000084c00000, 0x0000000100000000)
  region size 1024K, 2 young (2048K), 2 survivors (2048K)
 Metaspace       used 35078K, capacity 36271K, committed 36432K, reserved 1081344K
  class space    used 4426K, capacity 4939K, committed 4992K, reserved 1048576K
}
Event: 9.096 GC heap before
{Heap before GC invocations=33 (full 0):
 garbage-first heap   total 192512K, used 149291K [0x0000000084c00000, 0x0000000100000000)
  region size 1024K, 112 young (114688K), 2 survivors (2048K)
 Metaspace       used 35078K, capacity 36271K, committed 36432K, reserved 1081344K
  class space    used 4426K, capacity 4939K, committed 4992K, reserved 1048576K
}
Event: 9.098 GC heap after
{Heap after GC invocations=34 (full 0):
 garbage-first heap   total 192512K, used 36658K [0x0000000084c00000, 0x0000000100000000)
  region size 1024K, 2 young (2048K), 2 survivors (2048K)
 Metaspace       used 35078K, capacity 36271K, committed 36432K, reserved 1081344K
  class space    used 4426K, capacity 4939K, committed 4992K, reserved 1048576K
}
Event: 9.187 GC heap before
{Heap before GC invocations=34 (full 0):
 garbage-first heap   total 192512K, used 149298K [0x0000000084c00000, 0x0000000100000000)
  region size 1024K, 112 young (114688K), 2 survivors (2048K)
 Metaspace       used 35084K, capacity 36271K, committed 36432K, reserved 1081344K
  class space    used 4428K, capacity 4939K, committed 4992K, reserved 1048576K
}
Event: 9.189 GC heap after
{Heap after GC invocations=35 (full 0):
 garbage-first heap   total 192512K, used 35620K [0x0000000084c00000, 0x0000000100000000)
  region size 1024K, 1 young (1024K), 1 survivors (1024K)
 Metaspace       used 35084K, capacity 36271K, committed 36432K, reserved 1081344K
  class space    used 4428K, capacity 4939K, committed 4992K, reserved 1048576K
}
Event: 9.275 GC heap before
{Heap before GC invocations=35 (full 0):
 garbage-first heap   total 192512K, used 149284K [0x0000000084c00000, 0x0000000100000000)
  region size 1024K, 112 young (114688K), 1 survivors (1024K)
 Metaspace       used 35088K, capacity 36271K, committed 36432K, reserved 1081344K
  class space    used 4430K, capacity 4939K, committed 4992K, reserved 1048576K
}
Event: 9.276 GC heap after
{Heap after GC invocations=36 (full 0):
 garbage-first heap   total 192512K, used 35655K [0x0000000084c00000, 0x0000000100000000)
  region size 1024K, 1 young (1024K), 1 survivors (1024K)
 Metaspace       used 35088K, capacity 36271K, committed 36432K, reserved 1081344K
  class space    used 4430K, capacity 4939K, committed 4992K, reserved 1048576K
}
Event: 9.821 GC heap before
{Heap before GC invocations=36 (full 0):
 garbage-first heap   total 192512K, used 149319K [0x0000000084c00000, 0x0000000100000000)
  region size 1024K, 112 young (114688K), 1 survivors (1024K)
 Metaspace       used 35126K, capacity 36274K, committed 36432K, reserved 1081344K
  class space    used 4445K, capacity 4940K, committed 4992K, reserved 1048576K
}
Event: 9.825 GC heap after
{Heap after GC invocations=37 (full 0):
 garbage-first heap   total 192512K, used 39238K [0x0000000084c00000, 0x0000000100000000)
  region size 1024K, 5 young (5120K), 5 survivors (5120K)
 Metaspace       used 35126K, capacity 36274K, committed 36432K, reserved 1081344K
  class space    used 4445K, capacity 4940K, committed 4992K, reserved 1048576K
}

